Arguments: 
  /usr/local/Cellar/node/19.3.0/bin/node /usr/local/Cellar/yarn/1.22.19/libexec/bin/yarn.js install

PATH: 
  /usr/local/opt/mongodb-community@4.4/bin:/usr/local/opt/mongodb-community@5.0/bin:/usr/local/opt/ssh-copy-id/bin:/usr/local/sbin:/usr/local/opt/ssh-copy-id/bin:/usr/local/sbin:/usr/local/bin:/usr/bin:/bin:/usr/sbin:/sbin:/Users/ericsonweah/.composer/vendor/bin:/Users/ericsonweah/.composer/vendor/bin:/Users/ericsonweah/.composer/vendor/bin:/Users/ericsonweah/.config/composer/vendor/bin

Yarn version: 
  1.22.19

Node version: 
  19.3.0

Platform: 
  darwin x64

Trace: 
  Error: https://registry.yarnpkg.com/@mongodb-model%2fmodel: Not found
      at params.callback [as _callback] (/usr/local/Cellar/yarn/1.22.19/libexec/lib/cli.js:66145:18)
      at self.callback (/usr/local/Cellar/yarn/1.22.19/libexec/lib/cli.js:140890:22)
      at Request.emit (node:events:513:28)
      at Request.<anonymous> (/usr/local/Cellar/yarn/1.22.19/libexec/lib/cli.js:141862:10)
      at Request.emit (node:events:513:28)
      at IncomingMessage.<anonymous> (/usr/local/Cellar/yarn/1.22.19/libexec/lib/cli.js:141784:12)
      at Object.onceWrapper (node:events:627:28)
      at IncomingMessage.emit (node:events:525:35)
      at endReadableNT (node:internal/streams/readable:1359:12)
      at process.processTicksAndRejections (node:internal/process/task_queues:82:21)

npm manifest: 
  {
    "name": "@mongodb-model/model",
    "version": "0.0.0",
    "description": "mongodb model",
    "main": "index.js",
    "bin": {
      "model": "bin/index.js"
    },
    "directories": {
      "doc": "docs",
      "lib": "lib",
      "test": "test"
    },
    "scripts": {
      "test": "vitest --globals"
    },
    "repository": {
      "type": "git",
      "url": "git+https://github.com/mongodb-model/model.git"
    },
    "keywords": [
      "mongodb-model",
      "model",
      "stream",
      "duplex",
      "transform",
      "eventEmitter"
    ],
    "author": "Ericson S. Weah <ericson.weah@gmail.com> (https://www.ericsonweah.com/)",
    "license": "MIT",
    "bugs": {
      "url": "https://github.com/mongodb-model/model/issues"
    },
    "homepage": "https://github.com/mongodb-model/model#readme",
    "dependencies": {
      "@mongodb-model/base": "^0.0.10000",
      "@mongodb-model/cli": "^0.0.0",
      "@mongodb-model/couleurs": "^0.0.0",
      "@mongodb-model/db-callback": "^0.0.0",
      "@mongodb-model/db-migrate": "^0.0.100011",
      "@mongodb-model/db-migration": "^0.0.0",
      "@mongodb-model/db-promise": "^0.0.1000010",
      "@mongodb-model/db-query": "^0.0.10000",
      "@mongodb-model/db-query-validator": "^0.0.0",
      "@mongodb-model/db-schema": "^0.0.0",
      "@mongodb-model/error": "^0.0.0",
      "@mongodb-model/http-controller": "^0.0.1000",
      "@mongodb-model/lib": "^0.0.10000",
      "@mongodb-model/man": "^0.0.1",
      "@mongodb-model/method": "^0.0.100012",
      "@mongodb-model/model": "^0.0.0",
      "@mongodb-model/schema": "^0.0.0",
      "@mongodb-model/tcp-controller": "^0.0.1000",
      "@mongodb-model/template": "^0.0.100001",
      "dotenv": "^16.0.3",
      "mongodb": "^4.12.1",
      "vitest": "^0.25.3"
    }
  }

yarn manifest: 
  No manifest

Lockfile: 
  No lockfile
